2023-02-07 17:11:00.788  INFO 3156 --- [restartedMain] kr.co.farmstory.FarmstoryApplication     : Starting FarmstoryApplication using Java 11.0.16.1 on DESKTOP-8N3GG4O with PID 3156 (C:\Users\java2\Desktop\Workspace\SpringBoot\Farmstory\out\production\classes started by java2 in C:\Users\java2\Desktop\Workspace\SpringBoot\Farmstory)
2023-02-07 17:11:00.796  INFO 3156 --- [restartedMain] kr.co.farmstory.FarmstoryApplication     : No active profile set, falling back to 1 default profile: "default"
2023-02-07 17:11:00.876  INFO 3156 --- [restartedMain] .e.DevToolsPropertyDefaultsPostProcessor : Devtools property defaults active! Set 'spring.devtools.add-properties' to 'false' to disable
2023-02-07 17:11:00.877  INFO 3156 --- [restartedMain] .e.DevToolsPropertyDefaultsPostProcessor : For additional web related logging consider setting the 'logging.level.web' property to 'DEBUG'
2023-02-07 17:11:01.783  INFO 3156 --- [restartedMain] .s.d.r.c.RepositoryConfigurationDelegate : Bootstrapping Spring Data JPA repositories in DEFAULT mode.
2023-02-07 17:11:01.877  INFO 3156 --- [restartedMain] .s.d.r.c.RepositoryConfigurationDelegate : Finished Spring Data repository scanning in 79 ms. Found 1 JPA repository interfaces.
2023-02-07 17:11:03.006  INFO 3156 --- [restartedMain] o.s.b.w.embedded.tomcat.TomcatWebServer  : Tomcat initialized with port(s): 8181 (http)
2023-02-07 17:11:03.018  INFO 3156 --- [restartedMain] o.apache.catalina.core.StandardService   : Starting service [Tomcat]
2023-02-07 17:11:03.019  INFO 3156 --- [restartedMain] org.apache.catalina.core.StandardEngine  : Starting Servlet engine: [Apache Tomcat/9.0.71]
2023-02-07 17:11:03.103  INFO 3156 --- [restartedMain] o.a.c.c.C.[.[localhost].[/Farmstory]     : Initializing Spring embedded WebApplicationContext
2023-02-07 17:11:03.103  INFO 3156 --- [restartedMain] w.s.c.ServletWebServerApplicationContext : Root WebApplicationContext: initialization completed in 2226 ms
2023-02-07 17:11:03.350  INFO 3156 --- [restartedMain] o.hibernate.jpa.internal.util.LogHelper  : HHH000204: Processing PersistenceUnitInfo [name: default]
2023-02-07 17:11:03.425  INFO 3156 --- [restartedMain] org.hibernate.Version                    : HHH000412: Hibernate ORM core version 5.6.14.Final
2023-02-07 17:11:03.657  INFO 3156 --- [restartedMain] o.hibernate.annotations.common.Version   : HCANN000001: Hibernate Commons Annotations {5.1.2.Final}
2023-02-07 17:11:03.784  INFO 3156 --- [restartedMain] com.zaxxer.hikari.HikariDataSource       : HikariPool-1 - Starting...
2023-02-07 17:11:04.088  INFO 3156 --- [restartedMain] com.zaxxer.hikari.HikariDataSource       : HikariPool-1 - Start completed.
2023-02-07 17:11:04.106  INFO 3156 --- [restartedMain] org.hibernate.dialect.Dialect            : HHH000400: Using dialect: org.hibernate.dialect.MySQL57Dialect
2023-02-07 17:11:04.717  INFO 3156 --- [restartedMain] o.h.e.t.j.p.i.JtaPlatformInitiator       : HHH000490: Using JtaPlatform implementation: [org.hibernate.engine.transaction.jta.platform.internal.NoJtaPlatform]
2023-02-07 17:11:04.723  INFO 3156 --- [restartedMain] j.LocalContainerEntityManagerFactoryBean : Initialized JPA EntityManagerFactory for persistence unit 'default'
2023-02-07 17:11:05.376  INFO 3156 --- [restartedMain] o.s.s.web.DefaultSecurityFilterChain     : Will secure any request with [org.springframework.security.web.session.DisableEncodeUrlFilter@65fefb3c, org.springframework.security.web.context.request.async.WebAsyncManagerIntegrationFilter@2c8546b8, org.springframework.security.web.context.SecurityContextPersistenceFilter@2e47c50e, org.springframework.security.web.header.HeaderWriterFilter@15716bad, org.springframework.security.web.authentication.logout.LogoutFilter@53002f69, org.springframework.security.web.authentication.UsernamePasswordAuthenticationFilter@332f43b8, org.springframework.security.web.savedrequest.RequestCacheAwareFilter@52c8defd, org.springframework.security.web.servletapi.SecurityContextHolderAwareRequestFilter@1d61561, org.springframework.security.web.authentication.rememberme.RememberMeAuthenticationFilter@53017853, org.springframework.security.web.authentication.AnonymousAuthenticationFilter@75f5e2be, org.springframework.security.web.session.SessionManagementFilter@6deac4f3, org.springframework.security.web.access.ExceptionTranslationFilter@7460f2d8, org.springframework.security.web.access.intercept.AuthorizationFilter@3056b239]
2023-02-07 17:11:05.410  WARN 3156 --- [restartedMain] JpaBaseConfiguration$JpaWebConfiguration : spring.jpa.open-in-view is enabled by default. Therefore, database queries may be performed during view rendering. Explicitly configure spring.jpa.open-in-view to disable this warning
2023-02-07 17:11:05.539  INFO 3156 --- [restartedMain] o.s.b.a.w.s.WelcomePageHandlerMapping    : Adding welcome page template: index
2023-02-07 17:11:05.795  INFO 3156 --- [restartedMain] o.s.b.d.a.OptionalLiveReloadServer       : LiveReload server is running on port 35729
2023-02-07 17:11:05.823  INFO 3156 --- [restartedMain] o.s.b.w.embedded.tomcat.TomcatWebServer  : Tomcat started on port(s): 8181 (http) with context path '/Farmstory'
2023-02-07 17:11:05.831  INFO 3156 --- [restartedMain] kr.co.farmstory.FarmstoryApplication     : Started FarmstoryApplication in 5.526 seconds (JVM running for 6.125)
2023-02-07 17:11:06.661  INFO 3156 --- [http-nio-8181-exec-2] o.a.c.c.C.[.[localhost].[/Farmstory]     : Initializing Spring DispatcherServlet 'dispatcherServlet'
2023-02-07 17:11:06.662  INFO 3156 --- [http-nio-8181-exec-2] o.s.web.servlet.DispatcherServlet        : Initializing Servlet 'dispatcherServlet'
2023-02-07 17:11:06.663  INFO 3156 --- [http-nio-8181-exec-2] o.s.web.servlet.DispatcherServlet        : Completed initialization in 1 ms
